2025-11-08 08:54:48.101 +07:00 [INF] Now listening on: https://localhost:7062 {"EventId":{"Id":14,"Name":"ListeningOnAddress"},"SourceContext":"Microsoft.Hosting.Lifetime","EnvironmentName":"Development","MachineName":"DING","ThreadId":2,"Application":"Flowenter.Api"}
2025-11-08 08:54:48.245 +07:00 [INF] Now listening on: http://localhost:5172 {"EventId":{"Id":14,"Name":"ListeningOnAddress"},"SourceContext":"Microsoft.Hosting.Lifetime","EnvironmentName":"Development","MachineName":"DING","ThreadId":2,"Application":"Flowenter.Api"}
2025-11-08 08:54:48.388 +07:00 [INF] Application started. Press Ctrl+C to shut down. {"SourceContext":"Microsoft.Hosting.Lifetime","EnvironmentName":"Development","MachineName":"DING","ThreadId":2,"Application":"Flowenter.Api"}
2025-11-08 08:54:48.407 +07:00 [INF] Hosting environment: Development {"SourceContext":"Microsoft.Hosting.Lifetime","EnvironmentName":"Development","MachineName":"DING","ThreadId":2,"Application":"Flowenter.Api"}
2025-11-08 08:54:48.420 +07:00 [INF] Content root path: D:\github\Flow-Enterprises\flow_enter_backend\Flowenter.Api {"SourceContext":"Microsoft.Hosting.Lifetime","EnvironmentName":"Development","MachineName":"DING","ThreadId":2,"Application":"Flowenter.Api"}
2025-11-08 08:56:49.011 +07:00 [ERR] An error occurred: Cannot resolve scoped service 'Flowenter.Domain.Models.ITenantProvider' from root provider. {"RequestId":"0HNGUD7G87ICR:00000007","RequestPath":"/api/parties/enterprises","ConnectionId":"0HNGUD7G87ICR","EnvironmentName":"Development","MachineName":"DING","ThreadId":18,"Application":"Flowenter.Api"}
System.InvalidOperationException: Cannot resolve scoped service 'Flowenter.Domain.Models.ITenantProvider' from root provider.
   at Microsoft.Extensions.DependencyInjection.ServiceLookup.CallSiteValidator.ValidateResolution(ServiceCallSite callSite, IServiceScope scope, IServiceScope rootScope)
   at Microsoft.Extensions.DependencyInjection.ServiceProvider.GetService(ServiceIdentifier serviceIdentifier, ServiceProviderEngineScope serviceProviderEngineScope)
   at Microsoft.Extensions.DependencyInjection.ServiceLookup.ServiceProviderEngineScope.GetService(Type serviceType)
   at Microsoft.Extensions.DependencyInjection.ServiceProviderServiceExtensions.GetService[T](IServiceProvider provider)
   at Flowenter.Api.Extensions.DbContextExtensions.<>c__DisplayClass0_0.<AddDatabase>b__0(IServiceProvider service) in D:\github\Flow-Enterprises\flow_enter_backend\Flowenter.Api\Extensions\DbContextExtensions.cs:line 16
   at Microsoft.Extensions.DependencyInjection.ServiceLookup.CallSiteRuntimeResolver.VisitRootCache(ServiceCallSite callSite, RuntimeResolverContext context)
   at Microsoft.Extensions.DependencyInjection.ServiceLookup.CallSiteRuntimeResolver.Resolve(ServiceCallSite callSite, ServiceProviderEngineScope scope)
   at Microsoft.Extensions.DependencyInjection.ServiceProvider.CreateServiceAccessor(ServiceIdentifier serviceIdentifier)
   at Microsoft.Extensions.DependencyInjection.ServiceProvider.GetService(ServiceIdentifier serviceIdentifier, ServiceProviderEngineScope serviceProviderEngineScope)
   at Microsoft.Extensions.DependencyInjection.ServiceLookup.ServiceProviderEngineScope.GetService(Type serviceType)
   at lambda_method16(Closure, IServiceProvider, Object[])
   at Microsoft.AspNetCore.Mvc.Controllers.ControllerFactoryProvider.<>c__DisplayClass6_0.<CreateControllerFactory>g__CreateController|0(ControllerContext controllerContext)
   at Microsoft.AspNetCore.Mvc.Infrastructure.ControllerActionInvoker.Next(State& next, Scope& scope, Object& state, Boolean& isCompleted)
   at Microsoft.AspNetCore.Mvc.Infrastructure.ControllerActionInvoker.InvokeInnerFilterAsync()
--- End of stack trace from previous location ---
   at Microsoft.AspNetCore.Mvc.Infrastructure.ResourceInvoker.<InvokeFilterPipelineAsync>g__Awaited|20_0(ResourceInvoker invoker, Task lastTask, State next, Scope scope, Object state, Boolean isCompleted)
   at Microsoft.AspNetCore.Mvc.Infrastructure.ResourceInvoker.<InvokeAsync>g__Awaited|17_0(ResourceInvoker invoker, Task task, IDisposable scope)
   at Microsoft.AspNetCore.Mvc.Infrastructure.ResourceInvoker.<InvokeAsync>g__Awaited|17_0(ResourceInvoker invoker, Task task, IDisposable scope)
   at Microsoft.AspNetCore.Authorization.AuthorizationMiddleware.Invoke(HttpContext context)
   at Swashbuckle.AspNetCore.ReDoc.ReDocMiddleware.Invoke(HttpContext httpContext)
   at Swashbuckle.AspNetCore.SwaggerUI.SwaggerUIMiddleware.Invoke(HttpContext httpContext)
   at Flowenter.Api.Middleware.ErrorHandlingMiddleware.InvokeAsync(HttpContext context) in D:\github\Flow-Enterprises\flow_enter_backend\Flowenter.Api\Middleware\ErrorHandlingMiddleware.cs:line 27
2025-11-08 08:57:20.471 +07:00 [INF] Now listening on: https://localhost:7062 {"EventId":{"Id":14,"Name":"ListeningOnAddress"},"SourceContext":"Microsoft.Hosting.Lifetime","EnvironmentName":"Development","MachineName":"DING","ThreadId":2,"Application":"Flowenter.Api"}
2025-11-08 08:57:20.581 +07:00 [INF] Now listening on: http://localhost:5172 {"EventId":{"Id":14,"Name":"ListeningOnAddress"},"SourceContext":"Microsoft.Hosting.Lifetime","EnvironmentName":"Development","MachineName":"DING","ThreadId":2,"Application":"Flowenter.Api"}
2025-11-08 08:57:20.694 +07:00 [INF] Application started. Press Ctrl+C to shut down. {"SourceContext":"Microsoft.Hosting.Lifetime","EnvironmentName":"Development","MachineName":"DING","ThreadId":2,"Application":"Flowenter.Api"}
2025-11-08 08:57:20.709 +07:00 [INF] Hosting environment: Development {"SourceContext":"Microsoft.Hosting.Lifetime","EnvironmentName":"Development","MachineName":"DING","ThreadId":2,"Application":"Flowenter.Api"}
2025-11-08 08:57:20.734 +07:00 [INF] Content root path: D:\github\Flow-Enterprises\flow_enter_backend\Flowenter.Api {"SourceContext":"Microsoft.Hosting.Lifetime","EnvironmentName":"Development","MachineName":"DING","ThreadId":2,"Application":"Flowenter.Api"}
2025-11-08 08:58:15.360 +07:00 [INF] Now listening on: https://localhost:7062 {"EventId":{"Id":14,"Name":"ListeningOnAddress"},"SourceContext":"Microsoft.Hosting.Lifetime","EnvironmentName":"Development","MachineName":"DING","ThreadId":2,"Application":"Flowenter.Api"}
2025-11-08 08:58:15.468 +07:00 [INF] Now listening on: http://localhost:5172 {"EventId":{"Id":14,"Name":"ListeningOnAddress"},"SourceContext":"Microsoft.Hosting.Lifetime","EnvironmentName":"Development","MachineName":"DING","ThreadId":2,"Application":"Flowenter.Api"}
2025-11-08 08:58:15.599 +07:00 [INF] Application started. Press Ctrl+C to shut down. {"SourceContext":"Microsoft.Hosting.Lifetime","EnvironmentName":"Development","MachineName":"DING","ThreadId":2,"Application":"Flowenter.Api"}
2025-11-08 08:58:15.617 +07:00 [INF] Hosting environment: Development {"SourceContext":"Microsoft.Hosting.Lifetime","EnvironmentName":"Development","MachineName":"DING","ThreadId":2,"Application":"Flowenter.Api"}
2025-11-08 08:58:15.634 +07:00 [INF] Content root path: D:\github\Flow-Enterprises\flow_enter_backend\Flowenter.Api {"SourceContext":"Microsoft.Hosting.Lifetime","EnvironmentName":"Development","MachineName":"DING","ThreadId":2,"Application":"Flowenter.Api"}
2025-11-08 08:58:31.352 +07:00 [ERR] An error occurred: An error occurred while saving the entity changes. See the inner exception for details. {"RequestId":"0HNGUD949BLR8:00000001","RequestPath":"/api/parties/enterprises","ConnectionId":"0HNGUD949BLR8","EnvironmentName":"Development","MachineName":"DING","ThreadId":13,"Application":"Flowenter.Api"}
Microsoft.EntityFrameworkCore.DbUpdateException: An error occurred while saving the entity changes. See the inner exception for details.
 ---> Npgsql.PostgresException (0x80004005): 23505: duplicate key value violates unique constraint "IX_Organizations_Name"

DETAIL: Detail redacted as it may contain sensitive data. Specify 'Include Error Detail' in the connection string to include this information.
   at Npgsql.Internal.NpgsqlConnector.ReadMessageLong(Boolean async, DataRowLoadingMode dataRowLoadingMode, Boolean readingNotifications, Boolean isReadingPrependedMessage)
   at System.Runtime.CompilerServices.PoolingAsyncValueTaskMethodBuilder`1.StateMachineBox`1.System.Threading.Tasks.Sources.IValueTaskSource<TResult>.GetResult(Int16 token)
   at Npgsql.NpgsqlDataReader.NextResult(Boolean async, Boolean isConsuming, CancellationToken cancellationToken)
   at Npgsql.NpgsqlDataReader.NextResult(Boolean async, Boolean isConsuming, CancellationToken cancellationToken)
   at Npgsql.NpgsqlCommand.ExecuteReader(Boolean async, CommandBehavior behavior, CancellationToken cancellationToken)
   at Npgsql.NpgsqlCommand.ExecuteReader(Boolean async, CommandBehavior behavior, CancellationToken cancellationToken)
   at Npgsql.NpgsqlCommand.ExecuteDbDataReaderAsync(CommandBehavior behavior, CancellationToken cancellationToken)
   at Microsoft.EntityFrameworkCore.Storage.RelationalCommand.ExecuteReaderAsync(RelationalCommandParameterObject parameterObject, CancellationToken cancellationToken)
   at Microsoft.EntityFrameworkCore.Storage.RelationalCommand.ExecuteReaderAsync(RelationalCommandParameterObject parameterObject, CancellationToken cancellationToken)
   at Microsoft.EntityFrameworkCore.Update.ReaderModificationCommandBatch.ExecuteAsync(IRelationalConnection connection, CancellationToken cancellationToken)
  Exception data:
    Severity: ERROR
    SqlState: 23505
    MessageText: duplicate key value violates unique constraint "IX_Organizations_Name"
    Detail: Detail redacted as it may contain sensitive data. Specify 'Include Error Detail' in the connection string to include this information.
    SchemaName: parties
    TableName: Organizations
    ConstraintName: IX_Organizations_Name
    File: nbtinsert.c
    Line: 666
    Routine: _bt_check_unique
   --- End of inner exception stack trace ---
   at Microsoft.EntityFrameworkCore.Update.ReaderModificationCommandBatch.ExecuteAsync(IRelationalConnection connection, CancellationToken cancellationToken)
   at Microsoft.EntityFrameworkCore.Update.Internal.BatchExecutor.ExecuteAsync(IEnumerable`1 commandBatches, IRelationalConnection connection, CancellationToken cancellationToken)
   at Microsoft.EntityFrameworkCore.Update.Internal.BatchExecutor.ExecuteAsync(IEnumerable`1 commandBatches, IRelationalConnection connection, CancellationToken cancellationToken)
   at Microsoft.EntityFrameworkCore.Update.Internal.BatchExecutor.ExecuteAsync(IEnumerable`1 commandBatches, IRelationalConnection connection, CancellationToken cancellationToken)
   at Microsoft.EntityFrameworkCore.Storage.RelationalDatabase.SaveChangesAsync(IList`1 entries, CancellationToken cancellationToken)
   at Microsoft.EntityFrameworkCore.ChangeTracking.Internal.StateManager.SaveChangesAsync(IList`1 entriesToSave, CancellationToken cancellationToken)
   at Microsoft.EntityFrameworkCore.ChangeTracking.Internal.StateManager.SaveChangesAsync(StateManager stateManager, Boolean acceptAllChangesOnSuccess, CancellationToken cancellationToken)
   at Npgsql.EntityFrameworkCore.PostgreSQL.Storage.Internal.NpgsqlExecutionStrategy.ExecuteAsync[TState,TResult](TState state, Func`4 operation, Func`4 verifySucceeded, CancellationToken cancellationToken)
   at Microsoft.EntityFrameworkCore.DbContext.SaveChangesAsync(Boolean acceptAllChangesOnSuccess, CancellationToken cancellationToken)
   at Microsoft.EntityFrameworkCore.DbContext.SaveChangesAsync(Boolean acceptAllChangesOnSuccess, CancellationToken cancellationToken)
   at Flowenter.Parties.Mappings.PartiesContext.SaveChangesAsync(CancellationToken cancellationToken) in D:\github\Flow-Enterprises\flow_enter_backend\Flowenter.Parties.Mappings\PartiesContext.cs:line 105
   at Flowenter.Api.Controllers.PartiesController.CreateEnterprise(CreateEnterpriseDto createDto, CancellationToken cancellationToken) in D:\github\Flow-Enterprises\flow_enter_backend\Flowenter.Api\Controllers\PartiesController.cs:line 44
   at Microsoft.AspNetCore.Mvc.Infrastructure.ActionMethodExecutor.TaskOfIActionResultExecutor.Execute(ActionContext actionContext, IActionResultTypeMapper mapper, ObjectMethodExecutor executor, Object controller, Object[] arguments)
   at Microsoft.AspNetCore.Mvc.Infrastructure.ControllerActionInvoker.<InvokeActionMethodAsync>g__Awaited|12_0(ControllerActionInvoker invoker, ValueTask`1 actionResultValueTask)
   at Microsoft.AspNetCore.Mvc.Infrastructure.ControllerActionInvoker.<InvokeNextActionFilterAsync>g__Awaited|10_0(ControllerActionInvoker invoker, Task lastTask, State next, Scope scope, Object state, Boolean isCompleted)
   at Microsoft.AspNetCore.Mvc.Infrastructure.ControllerActionInvoker.Rethrow(ActionExecutedContextSealed context)
   at Microsoft.AspNetCore.Mvc.Infrastructure.ControllerActionInvoker.Next(State& next, Scope& scope, Object& state, Boolean& isCompleted)
   at Microsoft.AspNetCore.Mvc.Infrastructure.ControllerActionInvoker.<InvokeInnerFilterAsync>g__Awaited|13_0(ControllerActionInvoker invoker, Task lastTask, State next, Scope scope, Object state, Boolean isCompleted)
   at Microsoft.AspNetCore.Mvc.Infrastructure.ResourceInvoker.<InvokeFilterPipelineAsync>g__Awaited|20_0(ResourceInvoker invoker, Task lastTask, State next, Scope scope, Object state, Boolean isCompleted)
   at Microsoft.AspNetCore.Mvc.Infrastructure.ResourceInvoker.<InvokeAsync>g__Awaited|17_0(ResourceInvoker invoker, Task task, IDisposable scope)
   at Microsoft.AspNetCore.Mvc.Infrastructure.ResourceInvoker.<InvokeAsync>g__Awaited|17_0(ResourceInvoker invoker, Task task, IDisposable scope)
   at Microsoft.AspNetCore.Authorization.AuthorizationMiddleware.Invoke(HttpContext context)
   at Swashbuckle.AspNetCore.ReDoc.ReDocMiddleware.Invoke(HttpContext httpContext)
   at Swashbuckle.AspNetCore.SwaggerUI.SwaggerUIMiddleware.Invoke(HttpContext httpContext)
   at Flowenter.Api.Middleware.ErrorHandlingMiddleware.InvokeAsync(HttpContext context) in D:\github\Flow-Enterprises\flow_enter_backend\Flowenter.Api\Middleware\ErrorHandlingMiddleware.cs:line 27
2025-11-08 08:59:18.607 +07:00 [INF] Enterprise created: "7311b34a-a1c4-43f4-becf-1160a65344e4" {"SourceContext":"Flowenter.Api.Controllers.PartiesController","ActionId":"12a5cb41-d576-401e-b6e6-e87b7db90bd6","ActionName":"Flowenter.Api.Controllers.PartiesController.CreateEnterprise (Flowenter.Api)","RequestId":"0HNGUD949BLR9:00000001","RequestPath":"/api/parties/enterprises","ConnectionId":"0HNGUD949BLR9","EnvironmentName":"Development","MachineName":"DING","ThreadId":15,"Application":"Flowenter.Api"}
2025-11-08 09:02:18.017 +07:00 [INF] Now listening on: https://localhost:7062 {"EventId":{"Id":14,"Name":"ListeningOnAddress"},"SourceContext":"Microsoft.Hosting.Lifetime","EnvironmentName":"Development","MachineName":"DING","ThreadId":2,"Application":"Flowenter.Api"}
2025-11-08 09:02:18.137 +07:00 [INF] Now listening on: http://localhost:5172 {"EventId":{"Id":14,"Name":"ListeningOnAddress"},"SourceContext":"Microsoft.Hosting.Lifetime","EnvironmentName":"Development","MachineName":"DING","ThreadId":2,"Application":"Flowenter.Api"}
2025-11-08 09:02:18.264 +07:00 [INF] Application started. Press Ctrl+C to shut down. {"SourceContext":"Microsoft.Hosting.Lifetime","EnvironmentName":"Development","MachineName":"DING","ThreadId":2,"Application":"Flowenter.Api"}
2025-11-08 09:02:18.280 +07:00 [INF] Hosting environment: Development {"SourceContext":"Microsoft.Hosting.Lifetime","EnvironmentName":"Development","MachineName":"DING","ThreadId":2,"Application":"Flowenter.Api"}
2025-11-08 09:02:18.293 +07:00 [INF] Content root path: D:\github\Flow-Enterprises\flow_enter_backend\Flowenter.Api {"SourceContext":"Microsoft.Hosting.Lifetime","EnvironmentName":"Development","MachineName":"DING","ThreadId":2,"Application":"Flowenter.Api"}
2025-11-08 09:04:59.923 +07:00 [INF] Now listening on: https://localhost:7062 {"EventId":{"Id":14,"Name":"ListeningOnAddress"},"SourceContext":"Microsoft.Hosting.Lifetime","EnvironmentName":"Development","MachineName":"DING","ThreadId":2,"Application":"Flowenter.Api"}
2025-11-08 09:05:00.027 +07:00 [INF] Now listening on: http://localhost:5172 {"EventId":{"Id":14,"Name":"ListeningOnAddress"},"SourceContext":"Microsoft.Hosting.Lifetime","EnvironmentName":"Development","MachineName":"DING","ThreadId":2,"Application":"Flowenter.Api"}
2025-11-08 09:05:00.149 +07:00 [INF] Application started. Press Ctrl+C to shut down. {"SourceContext":"Microsoft.Hosting.Lifetime","EnvironmentName":"Development","MachineName":"DING","ThreadId":2,"Application":"Flowenter.Api"}
2025-11-08 09:05:00.165 +07:00 [INF] Hosting environment: Development {"SourceContext":"Microsoft.Hosting.Lifetime","EnvironmentName":"Development","MachineName":"DING","ThreadId":2,"Application":"Flowenter.Api"}
2025-11-08 09:05:00.180 +07:00 [INF] Content root path: D:\github\Flow-Enterprises\flow_enter_backend\Flowenter.Api {"SourceContext":"Microsoft.Hosting.Lifetime","EnvironmentName":"Development","MachineName":"DING","ThreadId":2,"Application":"Flowenter.Api"}
2025-11-08 09:05:40.058 +07:00 [ERR] An error occurred: Object reference not set to an instance of an object. {"RequestId":"0HNGUDD08E0ON:00000001","RequestPath":"/api/parties/enterprises","ConnectionId":"0HNGUDD08E0ON","EnvironmentName":"Development","MachineName":"DING","ThreadId":12,"Application":"Flowenter.Api"}
System.NullReferenceException: Object reference not set to an instance of an object.
   at Flowenter.Api.Services.TenantProvider.GetTenantId() in D:\github\Flow-Enterprises\flow_enter_backend\Flowenter.Api\Services\TenantProvider.cs:line 17
   at Flowenter.Parties.Mappings.PartiesContext.updateAuditableEntities(DateTime utcNow)
   at Flowenter.Parties.Mappings.PartiesContext.saveChangeAsync(CancellationToken cancellationToken)
   at Flowenter.Parties.Mappings.PartiesContext.SaveChangesAsync(CancellationToken cancellationToken)
   at Flowenter.Api.Controllers.PartiesController.CreateEnterprise(CreateEnterpriseDto createDto, CancellationToken cancellationToken) in D:\github\Flow-Enterprises\flow_enter_backend\Flowenter.Api\Controllers\PartiesController.cs:line 44
   at Microsoft.AspNetCore.Mvc.Infrastructure.ActionMethodExecutor.TaskOfIActionResultExecutor.Execute(ActionContext actionContext, IActionResultTypeMapper mapper, ObjectMethodExecutor executor, Object controller, Object[] arguments)
   at Microsoft.AspNetCore.Mvc.Infrastructure.ControllerActionInvoker.<InvokeActionMethodAsync>g__Awaited|12_0(ControllerActionInvoker invoker, ValueTask`1 actionResultValueTask)
   at Microsoft.AspNetCore.Mvc.Infrastructure.ControllerActionInvoker.<InvokeNextActionFilterAsync>g__Awaited|10_0(ControllerActionInvoker invoker, Task lastTask, State next, Scope scope, Object state, Boolean isCompleted)
   at Microsoft.AspNetCore.Mvc.Infrastructure.ControllerActionInvoker.Rethrow(ActionExecutedContextSealed context)
   at Microsoft.AspNetCore.Mvc.Infrastructure.ControllerActionInvoker.Next(State& next, Scope& scope, Object& state, Boolean& isCompleted)
   at Microsoft.AspNetCore.Mvc.Infrastructure.ControllerActionInvoker.InvokeInnerFilterAsync()
--- End of stack trace from previous location ---
   at Microsoft.AspNetCore.Mvc.Infrastructure.ResourceInvoker.<InvokeFilterPipelineAsync>g__Awaited|20_0(ResourceInvoker invoker, Task lastTask, State next, Scope scope, Object state, Boolean isCompleted)
   at Microsoft.AspNetCore.Mvc.Infrastructure.ResourceInvoker.<InvokeAsync>g__Awaited|17_0(ResourceInvoker invoker, Task task, IDisposable scope)
   at Microsoft.AspNetCore.Mvc.Infrastructure.ResourceInvoker.<InvokeAsync>g__Awaited|17_0(ResourceInvoker invoker, Task task, IDisposable scope)
   at Microsoft.AspNetCore.Authorization.AuthorizationMiddleware.Invoke(HttpContext context)
   at Swashbuckle.AspNetCore.ReDoc.ReDocMiddleware.Invoke(HttpContext httpContext)
   at Swashbuckle.AspNetCore.SwaggerUI.SwaggerUIMiddleware.Invoke(HttpContext httpContext)
   at Flowenter.Api.Middleware.ErrorHandlingMiddleware.InvokeAsync(HttpContext context) in D:\github\Flow-Enterprises\flow_enter_backend\Flowenter.Api\Middleware\ErrorHandlingMiddleware.cs:line 27
2025-11-08 09:06:47.804 +07:00 [INF] Now listening on: https://localhost:7062 {"EventId":{"Id":14,"Name":"ListeningOnAddress"},"SourceContext":"Microsoft.Hosting.Lifetime","EnvironmentName":"Development","MachineName":"DING","ThreadId":2,"Application":"Flowenter.Api"}
2025-11-08 09:06:47.952 +07:00 [INF] Now listening on: http://localhost:5172 {"EventId":{"Id":14,"Name":"ListeningOnAddress"},"SourceContext":"Microsoft.Hosting.Lifetime","EnvironmentName":"Development","MachineName":"DING","ThreadId":2,"Application":"Flowenter.Api"}
2025-11-08 09:06:48.139 +07:00 [INF] Application started. Press Ctrl+C to shut down. {"SourceContext":"Microsoft.Hosting.Lifetime","EnvironmentName":"Development","MachineName":"DING","ThreadId":2,"Application":"Flowenter.Api"}
2025-11-08 09:06:48.163 +07:00 [INF] Hosting environment: Development {"SourceContext":"Microsoft.Hosting.Lifetime","EnvironmentName":"Development","MachineName":"DING","ThreadId":2,"Application":"Flowenter.Api"}
2025-11-08 09:06:48.192 +07:00 [INF] Content root path: D:\github\Flow-Enterprises\flow_enter_backend\Flowenter.Api {"SourceContext":"Microsoft.Hosting.Lifetime","EnvironmentName":"Development","MachineName":"DING","ThreadId":2,"Application":"Flowenter.Api"}
2025-11-08 09:07:04.959 +07:00 [ERR] An error occurred: Tenant ID header is missing. {"RequestId":"0HNGUDDSK0CT1:00000001","RequestPath":"/api/parties/enterprises","ConnectionId":"0HNGUDDSK0CT1","EnvironmentName":"Development","MachineName":"DING","ThreadId":12,"Application":"Flowenter.Api"}
System.ApplicationException: Tenant ID header is missing.
   at Flowenter.Api.Services.TenantProvider.GetTenantId() in D:\github\Flow-Enterprises\flow_enter_backend\Flowenter.Api\Services\TenantProvider.cs:line 25
   at Flowenter.Parties.Mappings.PartiesContext.updateAuditableEntities(DateTime utcNow) in D:\github\Flow-Enterprises\flow_enter_backend\Flowenter.Parties.Mappings\PartiesContext.cs:line 136
   at Flowenter.Parties.Mappings.PartiesContext.saveChangeAsync(CancellationToken cancellationToken) in D:\github\Flow-Enterprises\flow_enter_backend\Flowenter.Parties.Mappings\PartiesContext.cs:line 91
   at Flowenter.Parties.Mappings.PartiesContext.SaveChangesAsync(CancellationToken cancellationToken) in D:\github\Flow-Enterprises\flow_enter_backend\Flowenter.Parties.Mappings\PartiesContext.cs:line 103
   at Flowenter.Api.Controllers.PartiesController.CreateEnterprise(CreateEnterpriseDto createDto, CancellationToken cancellationToken) in D:\github\Flow-Enterprises\flow_enter_backend\Flowenter.Api\Controllers\PartiesController.cs:line 44
   at Microsoft.AspNetCore.Mvc.Infrastructure.ActionMethodExecutor.TaskOfIActionResultExecutor.Execute(ActionContext actionContext, IActionResultTypeMapper mapper, ObjectMethodExecutor executor, Object controller, Object[] arguments)
   at Microsoft.AspNetCore.Mvc.Infrastructure.ControllerActionInvoker.<InvokeActionMethodAsync>g__Awaited|12_0(ControllerActionInvoker invoker, ValueTask`1 actionResultValueTask)
   at Microsoft.AspNetCore.Mvc.Infrastructure.ControllerActionInvoker.<InvokeNextActionFilterAsync>g__Awaited|10_0(ControllerActionInvoker invoker, Task lastTask, State next, Scope scope, Object state, Boolean isCompleted)
   at Microsoft.AspNetCore.Mvc.Infrastructure.ControllerActionInvoker.Rethrow(ActionExecutedContextSealed context)
   at Microsoft.AspNetCore.Mvc.Infrastructure.ControllerActionInvoker.Next(State& next, Scope& scope, Object& state, Boolean& isCompleted)
   at Microsoft.AspNetCore.Mvc.Infrastructure.ControllerActionInvoker.InvokeInnerFilterAsync()
--- End of stack trace from previous location ---
   at Microsoft.AspNetCore.Mvc.Infrastructure.ResourceInvoker.<InvokeFilterPipelineAsync>g__Awaited|20_0(ResourceInvoker invoker, Task lastTask, State next, Scope scope, Object state, Boolean isCompleted)
   at Microsoft.AspNetCore.Mvc.Infrastructure.ResourceInvoker.<InvokeAsync>g__Awaited|17_0(ResourceInvoker invoker, Task task, IDisposable scope)
   at Microsoft.AspNetCore.Mvc.Infrastructure.ResourceInvoker.<InvokeAsync>g__Awaited|17_0(ResourceInvoker invoker, Task task, IDisposable scope)
   at Microsoft.AspNetCore.Authorization.AuthorizationMiddleware.Invoke(HttpContext context)
   at Swashbuckle.AspNetCore.ReDoc.ReDocMiddleware.Invoke(HttpContext httpContext)
   at Swashbuckle.AspNetCore.SwaggerUI.SwaggerUIMiddleware.Invoke(HttpContext httpContext)
   at Flowenter.Api.Middleware.ErrorHandlingMiddleware.InvokeAsync(HttpContext context) in D:\github\Flow-Enterprises\flow_enter_backend\Flowenter.Api\Middleware\ErrorHandlingMiddleware.cs:line 27
2025-11-08 09:23:41.353 +07:00 [INF] Now listening on: https://localhost:7062 {"EventId":{"Id":14,"Name":"ListeningOnAddress"},"SourceContext":"Microsoft.Hosting.Lifetime","EnvironmentName":"Development","MachineName":"DING","ThreadId":2,"Application":"Flowenter.Api"}
2025-11-08 09:23:41.536 +07:00 [INF] Now listening on: http://localhost:5172 {"EventId":{"Id":14,"Name":"ListeningOnAddress"},"SourceContext":"Microsoft.Hosting.Lifetime","EnvironmentName":"Development","MachineName":"DING","ThreadId":2,"Application":"Flowenter.Api"}
2025-11-08 09:23:41.664 +07:00 [INF] Application started. Press Ctrl+C to shut down. {"SourceContext":"Microsoft.Hosting.Lifetime","EnvironmentName":"Development","MachineName":"DING","ThreadId":2,"Application":"Flowenter.Api"}
2025-11-08 09:23:41.676 +07:00 [INF] Hosting environment: Development {"SourceContext":"Microsoft.Hosting.Lifetime","EnvironmentName":"Development","MachineName":"DING","ThreadId":2,"Application":"Flowenter.Api"}
2025-11-08 09:23:41.690 +07:00 [INF] Content root path: D:\github\Flow-Enterprises\flow_enter_backend\Flowenter.Api {"SourceContext":"Microsoft.Hosting.Lifetime","EnvironmentName":"Development","MachineName":"DING","ThreadId":2,"Application":"Flowenter.Api"}
2025-11-08 09:24:03.819 +07:00 [ERR] An error occurred: Tenant ID header is missing. {"RequestId":"0HNGUDNBBRRBF:00000001","RequestPath":"/api/parties/enterprises","ConnectionId":"0HNGUDNBBRRBF","EnvironmentName":"Development","MachineName":"DING","ThreadId":9,"Application":"Flowenter.Api"}
System.ApplicationException: Tenant ID header is missing.
   at Flowenter.Api.Services.TenantProvider.GetTenantId() in D:\github\Flow-Enterprises\flow_enter_backend\Flowenter.Api\Services\TenantProvider.cs:line 25
   at Flowenter.Parties.Mappings.PartiesContext.updateAuditableEntities(DateTime utcNow) in D:\github\Flow-Enterprises\flow_enter_backend\Flowenter.Parties.Mappings\PartiesContext.cs:line 136
   at Flowenter.Parties.Mappings.PartiesContext.saveChangeAsync(CancellationToken cancellationToken) in D:\github\Flow-Enterprises\flow_enter_backend\Flowenter.Parties.Mappings\PartiesContext.cs:line 91
   at Flowenter.Parties.Mappings.PartiesContext.SaveChangesAsync(CancellationToken cancellationToken) in D:\github\Flow-Enterprises\flow_enter_backend\Flowenter.Parties.Mappings\PartiesContext.cs:line 103
   at Flowenter.Api.Controllers.PartiesController.CreateEnterprise(CreateEnterpriseDto createDto, CancellationToken cancellationToken) in D:\github\Flow-Enterprises\flow_enter_backend\Flowenter.Api\Controllers\PartiesController.cs:line 44
   at Microsoft.AspNetCore.Mvc.Infrastructure.ActionMethodExecutor.TaskOfIActionResultExecutor.Execute(ActionContext actionContext, IActionResultTypeMapper mapper, ObjectMethodExecutor executor, Object controller, Object[] arguments)
   at Microsoft.AspNetCore.Mvc.Infrastructure.ControllerActionInvoker.<InvokeActionMethodAsync>g__Awaited|12_0(ControllerActionInvoker invoker, ValueTask`1 actionResultValueTask)
   at Microsoft.AspNetCore.Mvc.Infrastructure.ControllerActionInvoker.<InvokeNextActionFilterAsync>g__Awaited|10_0(ControllerActionInvoker invoker, Task lastTask, State next, Scope scope, Object state, Boolean isCompleted)
   at Microsoft.AspNetCore.Mvc.Infrastructure.ControllerActionInvoker.Rethrow(ActionExecutedContextSealed context)
   at Microsoft.AspNetCore.Mvc.Infrastructure.ControllerActionInvoker.Next(State& next, Scope& scope, Object& state, Boolean& isCompleted)
   at Microsoft.AspNetCore.Mvc.Infrastructure.ControllerActionInvoker.InvokeInnerFilterAsync()
--- End of stack trace from previous location ---
   at Microsoft.AspNetCore.Mvc.Infrastructure.ResourceInvoker.<InvokeFilterPipelineAsync>g__Awaited|20_0(ResourceInvoker invoker, Task lastTask, State next, Scope scope, Object state, Boolean isCompleted)
   at Microsoft.AspNetCore.Mvc.Infrastructure.ResourceInvoker.<InvokeAsync>g__Awaited|17_0(ResourceInvoker invoker, Task task, IDisposable scope)
   at Microsoft.AspNetCore.Mvc.Infrastructure.ResourceInvoker.<InvokeAsync>g__Awaited|17_0(ResourceInvoker invoker, Task task, IDisposable scope)
   at Microsoft.AspNetCore.Authorization.AuthorizationMiddleware.Invoke(HttpContext context)
   at Swashbuckle.AspNetCore.ReDoc.ReDocMiddleware.Invoke(HttpContext httpContext)
   at Swashbuckle.AspNetCore.SwaggerUI.SwaggerUIMiddleware.Invoke(HttpContext httpContext)
   at Flowenter.Api.Middleware.CustomHeaderMiddleware.InvokeAsync(HttpContext context) in D:\github\Flow-Enterprises\flow_enter_backend\Flowenter.Api\Middleware\CustomHeaderMiddleware.cs:line 22
   at Flowenter.Api.Middleware.ErrorHandlingMiddleware.InvokeAsync(HttpContext context) in D:\github\Flow-Enterprises\flow_enter_backend\Flowenter.Api\Middleware\ErrorHandlingMiddleware.cs:line 27
2025-11-08 09:24:24.657 +07:00 [INF] Now listening on: https://localhost:7062 {"EventId":{"Id":14,"Name":"ListeningOnAddress"},"SourceContext":"Microsoft.Hosting.Lifetime","EnvironmentName":"Development","MachineName":"DING","ThreadId":2,"Application":"Flowenter.Api"}
2025-11-08 09:24:24.844 +07:00 [INF] Now listening on: http://localhost:5172 {"EventId":{"Id":14,"Name":"ListeningOnAddress"},"SourceContext":"Microsoft.Hosting.Lifetime","EnvironmentName":"Development","MachineName":"DING","ThreadId":2,"Application":"Flowenter.Api"}
2025-11-08 09:24:24.990 +07:00 [INF] Application started. Press Ctrl+C to shut down. {"SourceContext":"Microsoft.Hosting.Lifetime","EnvironmentName":"Development","MachineName":"DING","ThreadId":2,"Application":"Flowenter.Api"}
2025-11-08 09:24:25.009 +07:00 [INF] Hosting environment: Development {"SourceContext":"Microsoft.Hosting.Lifetime","EnvironmentName":"Development","MachineName":"DING","ThreadId":2,"Application":"Flowenter.Api"}
2025-11-08 09:24:25.036 +07:00 [INF] Content root path: D:\github\Flow-Enterprises\flow_enter_backend\Flowenter.Api {"SourceContext":"Microsoft.Hosting.Lifetime","EnvironmentName":"Development","MachineName":"DING","ThreadId":2,"Application":"Flowenter.Api"}
2025-11-08 09:24:40.480 +07:00 [ERR] An error occurred: Tenant ID header is missing. {"RequestId":"0HNGUDNNJ535B:00000001","RequestPath":"/api/parties/enterprises","ConnectionId":"0HNGUDNNJ535B","EnvironmentName":"Development","MachineName":"DING","ThreadId":6,"Application":"Flowenter.Api"}
System.ApplicationException: Tenant ID header is missing.
   at Flowenter.Api.Services.TenantProvider.GetTenantId() in D:\github\Flow-Enterprises\flow_enter_backend\Flowenter.Api\Services\TenantProvider.cs:line 25
   at Flowenter.Parties.Mappings.PartiesContext.updateAuditableEntities(DateTime utcNow) in D:\github\Flow-Enterprises\flow_enter_backend\Flowenter.Parties.Mappings\PartiesContext.cs:line 136
   at Flowenter.Parties.Mappings.PartiesContext.saveChangeAsync(CancellationToken cancellationToken) in D:\github\Flow-Enterprises\flow_enter_backend\Flowenter.Parties.Mappings\PartiesContext.cs:line 91
   at Flowenter.Parties.Mappings.PartiesContext.SaveChangesAsync(CancellationToken cancellationToken) in D:\github\Flow-Enterprises\flow_enter_backend\Flowenter.Parties.Mappings\PartiesContext.cs:line 103
   at Flowenter.Api.Controllers.PartiesController.CreateEnterprise(CreateEnterpriseDto createDto, CancellationToken cancellationToken) in D:\github\Flow-Enterprises\flow_enter_backend\Flowenter.Api\Controllers\PartiesController.cs:line 44
   at Microsoft.AspNetCore.Mvc.Infrastructure.ActionMethodExecutor.TaskOfIActionResultExecutor.Execute(ActionContext actionContext, IActionResultTypeMapper mapper, ObjectMethodExecutor executor, Object controller, Object[] arguments)
   at Microsoft.AspNetCore.Mvc.Infrastructure.ControllerActionInvoker.<InvokeActionMethodAsync>g__Awaited|12_0(ControllerActionInvoker invoker, ValueTask`1 actionResultValueTask)
   at Microsoft.AspNetCore.Mvc.Infrastructure.ControllerActionInvoker.<InvokeNextActionFilterAsync>g__Awaited|10_0(ControllerActionInvoker invoker, Task lastTask, State next, Scope scope, Object state, Boolean isCompleted)
   at Microsoft.AspNetCore.Mvc.Infrastructure.ControllerActionInvoker.Rethrow(ActionExecutedContextSealed context)
   at Microsoft.AspNetCore.Mvc.Infrastructure.ControllerActionInvoker.Next(State& next, Scope& scope, Object& state, Boolean& isCompleted)
   at Microsoft.AspNetCore.Mvc.Infrastructure.ControllerActionInvoker.<InvokeInnerFilterAsync>g__Awaited|13_0(ControllerActionInvoker invoker, Task lastTask, State next, Scope scope, Object state, Boolean isCompleted)
   at Microsoft.AspNetCore.Mvc.Infrastructure.ResourceInvoker.<InvokeFilterPipelineAsync>g__Awaited|20_0(ResourceInvoker invoker, Task lastTask, State next, Scope scope, Object state, Boolean isCompleted)
   at Microsoft.AspNetCore.Mvc.Infrastructure.ResourceInvoker.<InvokeAsync>g__Awaited|17_0(ResourceInvoker invoker, Task task, IDisposable scope)
   at Microsoft.AspNetCore.Mvc.Infrastructure.ResourceInvoker.<InvokeAsync>g__Awaited|17_0(ResourceInvoker invoker, Task task, IDisposable scope)
   at Microsoft.AspNetCore.Authorization.AuthorizationMiddleware.Invoke(HttpContext context)
   at Swashbuckle.AspNetCore.ReDoc.ReDocMiddleware.Invoke(HttpContext httpContext)
   at Swashbuckle.AspNetCore.SwaggerUI.SwaggerUIMiddleware.Invoke(HttpContext httpContext)
   at Flowenter.Api.Middleware.CustomHeaderMiddleware.InvokeAsync(HttpContext context) in D:\github\Flow-Enterprises\flow_enter_backend\Flowenter.Api\Middleware\CustomHeaderMiddleware.cs:line 22
   at Flowenter.Api.Middleware.ErrorHandlingMiddleware.InvokeAsync(HttpContext context) in D:\github\Flow-Enterprises\flow_enter_backend\Flowenter.Api\Middleware\ErrorHandlingMiddleware.cs:line 27
2025-11-08 09:25:08.575 +07:00 [ERR] An error occurred: Tenant ID header is missing. {"RequestId":"0HNGUDNNJ535B:00000003","RequestPath":"/api/parties/enterprises","ConnectionId":"0HNGUDNNJ535B","EnvironmentName":"Development","MachineName":"DING","ThreadId":15,"Application":"Flowenter.Api"}
System.ApplicationException: Tenant ID header is missing.
   at Flowenter.Api.Services.TenantProvider.GetTenantId() in D:\github\Flow-Enterprises\flow_enter_backend\Flowenter.Api\Services\TenantProvider.cs:line 25
   at Flowenter.Parties.Mappings.PartiesContext.updateAuditableEntities(DateTime utcNow) in D:\github\Flow-Enterprises\flow_enter_backend\Flowenter.Parties.Mappings\PartiesContext.cs:line 136
   at Flowenter.Parties.Mappings.PartiesContext.saveChangeAsync(CancellationToken cancellationToken) in D:\github\Flow-Enterprises\flow_enter_backend\Flowenter.Parties.Mappings\PartiesContext.cs:line 91
   at Flowenter.Parties.Mappings.PartiesContext.SaveChangesAsync(CancellationToken cancellationToken) in D:\github\Flow-Enterprises\flow_enter_backend\Flowenter.Parties.Mappings\PartiesContext.cs:line 103
   at Flowenter.Api.Controllers.PartiesController.CreateEnterprise(CreateEnterpriseDto createDto, CancellationToken cancellationToken) in D:\github\Flow-Enterprises\flow_enter_backend\Flowenter.Api\Controllers\PartiesController.cs:line 44
   at Microsoft.AspNetCore.Mvc.Infrastructure.ActionMethodExecutor.TaskOfIActionResultExecutor.Execute(ActionContext actionContext, IActionResultTypeMapper mapper, ObjectMethodExecutor executor, Object controller, Object[] arguments)
   at Microsoft.AspNetCore.Mvc.Infrastructure.ControllerActionInvoker.<InvokeActionMethodAsync>g__Awaited|12_0(ControllerActionInvoker invoker, ValueTask`1 actionResultValueTask)
   at Microsoft.AspNetCore.Mvc.Infrastructure.ControllerActionInvoker.<InvokeNextActionFilterAsync>g__Awaited|10_0(ControllerActionInvoker invoker, Task lastTask, State next, Scope scope, Object state, Boolean isCompleted)
   at Microsoft.AspNetCore.Mvc.Infrastructure.ControllerActionInvoker.Rethrow(ActionExecutedContextSealed context)
   at Microsoft.AspNetCore.Mvc.Infrastructure.ControllerActionInvoker.Next(State& next, Scope& scope, Object& state, Boolean& isCompleted)
   at Microsoft.AspNetCore.Mvc.Infrastructure.ControllerActionInvoker.<InvokeInnerFilterAsync>g__Awaited|13_0(ControllerActionInvoker invoker, Task lastTask, State next, Scope scope, Object state, Boolean isCompleted)
   at Microsoft.AspNetCore.Mvc.Infrastructure.ResourceInvoker.<InvokeFilterPipelineAsync>g__Awaited|20_0(ResourceInvoker invoker, Task lastTask, State next, Scope scope, Object state, Boolean isCompleted)
   at Microsoft.AspNetCore.Mvc.Infrastructure.ResourceInvoker.<InvokeAsync>g__Awaited|17_0(ResourceInvoker invoker, Task task, IDisposable scope)
   at Microsoft.AspNetCore.Mvc.Infrastructure.ResourceInvoker.<InvokeAsync>g__Awaited|17_0(ResourceInvoker invoker, Task task, IDisposable scope)
   at Microsoft.AspNetCore.Authorization.AuthorizationMiddleware.Invoke(HttpContext context)
   at Swashbuckle.AspNetCore.ReDoc.ReDocMiddleware.Invoke(HttpContext httpContext)
   at Swashbuckle.AspNetCore.SwaggerUI.SwaggerUIMiddleware.Invoke(HttpContext httpContext)
   at Flowenter.Api.Middleware.CustomHeaderMiddleware.InvokeAsync(HttpContext context) in D:\github\Flow-Enterprises\flow_enter_backend\Flowenter.Api\Middleware\CustomHeaderMiddleware.cs:line 22
   at Flowenter.Api.Middleware.ErrorHandlingMiddleware.InvokeAsync(HttpContext context) in D:\github\Flow-Enterprises\flow_enter_backend\Flowenter.Api\Middleware\ErrorHandlingMiddleware.cs:line 27
2025-11-08 09:26:01.714 +07:00 [INF] Now listening on: https://localhost:7062 {"EventId":{"Id":14,"Name":"ListeningOnAddress"},"SourceContext":"Microsoft.Hosting.Lifetime","EnvironmentName":"Development","MachineName":"DING","ThreadId":2,"Application":"Flowenter.Api"}
2025-11-08 09:26:01.828 +07:00 [INF] Now listening on: http://localhost:5172 {"EventId":{"Id":14,"Name":"ListeningOnAddress"},"SourceContext":"Microsoft.Hosting.Lifetime","EnvironmentName":"Development","MachineName":"DING","ThreadId":2,"Application":"Flowenter.Api"}
2025-11-08 09:26:01.963 +07:00 [INF] Application started. Press Ctrl+C to shut down. {"SourceContext":"Microsoft.Hosting.Lifetime","EnvironmentName":"Development","MachineName":"DING","ThreadId":2,"Application":"Flowenter.Api"}
2025-11-08 09:26:01.977 +07:00 [INF] Hosting environment: Development {"SourceContext":"Microsoft.Hosting.Lifetime","EnvironmentName":"Development","MachineName":"DING","ThreadId":2,"Application":"Flowenter.Api"}
2025-11-08 09:26:01.994 +07:00 [INF] Content root path: D:\github\Flow-Enterprises\flow_enter_backend\Flowenter.Api {"SourceContext":"Microsoft.Hosting.Lifetime","EnvironmentName":"Development","MachineName":"DING","ThreadId":2,"Application":"Flowenter.Api"}
2025-11-08 09:26:17.287 +07:00 [INF] Enterprise created: "32577815-7850-4989-91a4-5b0791e325cf" {"SourceContext":"Flowenter.Api.Controllers.PartiesController","ActionId":"82368399-7636-413b-92fe-cdf48f126efe","ActionName":"Flowenter.Api.Controllers.PartiesController.CreateEnterprise (Flowenter.Api)","RequestId":"0HNGUDOKQOVIE:00000001","RequestPath":"/api/parties/enterprises","ConnectionId":"0HNGUDOKQOVIE","EnvironmentName":"Development","MachineName":"DING","ThreadId":15,"Application":"Flowenter.Api"}
2025-11-08 09:37:58.964 +07:00 [INF] Now listening on: https://localhost:7062 {"EventId":{"Id":14,"Name":"ListeningOnAddress"},"SourceContext":"Microsoft.Hosting.Lifetime","EnvironmentName":"Development","MachineName":"DING","ThreadId":2,"Application":"Flowenter.Api"}
2025-11-08 09:37:59.191 +07:00 [INF] Now listening on: http://localhost:5172 {"EventId":{"Id":14,"Name":"ListeningOnAddress"},"SourceContext":"Microsoft.Hosting.Lifetime","EnvironmentName":"Development","MachineName":"DING","ThreadId":2,"Application":"Flowenter.Api"}
2025-11-08 09:37:59.371 +07:00 [INF] Application started. Press Ctrl+C to shut down. {"SourceContext":"Microsoft.Hosting.Lifetime","EnvironmentName":"Development","MachineName":"DING","ThreadId":2,"Application":"Flowenter.Api"}
2025-11-08 09:37:59.385 +07:00 [INF] Hosting environment: Development {"SourceContext":"Microsoft.Hosting.Lifetime","EnvironmentName":"Development","MachineName":"DING","ThreadId":2,"Application":"Flowenter.Api"}
2025-11-08 09:37:59.399 +07:00 [INF] Content root path: D:\github\Flow-Enterprises\flow_enter_backend\Flowenter.Api {"SourceContext":"Microsoft.Hosting.Lifetime","EnvironmentName":"Development","MachineName":"DING","ThreadId":2,"Application":"Flowenter.Api"}
2025-11-08 10:25:15.608 +07:00 [INF] Now listening on: https://localhost:7062 {"EventId":{"Id":14,"Name":"ListeningOnAddress"},"SourceContext":"Microsoft.Hosting.Lifetime","EnvironmentName":"Development","MachineName":"DING","ThreadId":2,"Application":"Flowenter.Api"}
2025-11-08 10:25:15.766 +07:00 [INF] Now listening on: http://localhost:5172 {"EventId":{"Id":14,"Name":"ListeningOnAddress"},"SourceContext":"Microsoft.Hosting.Lifetime","EnvironmentName":"Development","MachineName":"DING","ThreadId":2,"Application":"Flowenter.Api"}
2025-11-08 10:25:15.877 +07:00 [INF] Application started. Press Ctrl+C to shut down. {"SourceContext":"Microsoft.Hosting.Lifetime","EnvironmentName":"Development","MachineName":"DING","ThreadId":2,"Application":"Flowenter.Api"}
2025-11-08 10:25:15.892 +07:00 [INF] Hosting environment: Development {"SourceContext":"Microsoft.Hosting.Lifetime","EnvironmentName":"Development","MachineName":"DING","ThreadId":2,"Application":"Flowenter.Api"}
2025-11-08 10:25:15.907 +07:00 [INF] Content root path: D:\github\Flow-Enterprises\flow_enter_backend\Flowenter.Api {"SourceContext":"Microsoft.Hosting.Lifetime","EnvironmentName":"Development","MachineName":"DING","ThreadId":2,"Application":"Flowenter.Api"}
2025-11-08 10:27:04.298 +07:00 [INF] Now listening on: https://localhost:7062 {"EventId":{"Id":14,"Name":"ListeningOnAddress"},"SourceContext":"Microsoft.Hosting.Lifetime","EnvironmentName":"Development","MachineName":"DING","ThreadId":2,"Application":"Flowenter.Api"}
2025-11-08 10:27:04.402 +07:00 [INF] Now listening on: http://localhost:5172 {"EventId":{"Id":14,"Name":"ListeningOnAddress"},"SourceContext":"Microsoft.Hosting.Lifetime","EnvironmentName":"Development","MachineName":"DING","ThreadId":2,"Application":"Flowenter.Api"}
2025-11-08 10:27:04.505 +07:00 [INF] Application started. Press Ctrl+C to shut down. {"SourceContext":"Microsoft.Hosting.Lifetime","EnvironmentName":"Development","MachineName":"DING","ThreadId":2,"Application":"Flowenter.Api"}
2025-11-08 10:27:04.522 +07:00 [INF] Hosting environment: Development {"SourceContext":"Microsoft.Hosting.Lifetime","EnvironmentName":"Development","MachineName":"DING","ThreadId":2,"Application":"Flowenter.Api"}
2025-11-08 10:27:04.538 +07:00 [INF] Content root path: D:\github\Flow-Enterprises\flow_enter_backend\Flowenter.Api {"SourceContext":"Microsoft.Hosting.Lifetime","EnvironmentName":"Development","MachineName":"DING","ThreadId":2,"Application":"Flowenter.Api"}
2025-11-08 10:27:46.614 +07:00 [INF] PartyType created: "55cae8c5-d2fb-4ac3-b7ba-80ab493190cb" {"SourceContext":"Flowenter.Api.Controllers.PartiesController","ActionId":"4d2ba82d-df68-4eff-b1ba-50c95de72f28","ActionName":"Flowenter.Api.Controllers.PartiesController.CreatePartyType (Flowenter.Api)","RequestId":"0HNGUEQUJ5UL5:00000003","RequestPath":"/api/parties/types","ConnectionId":"0HNGUEQUJ5UL5","EnvironmentName":"Development","MachineName":"DING","ThreadId":8,"Application":"Flowenter.Api"}
2025-11-08 10:29:30.848 +07:00 [INF] PartyType created: "3242f142-6c04-459a-8d2f-19049f0c86b2" {"SourceContext":"Flowenter.Api.Controllers.PartiesController","ActionId":"4d2ba82d-df68-4eff-b1ba-50c95de72f28","ActionName":"Flowenter.Api.Controllers.PartiesController.CreatePartyType (Flowenter.Api)","RequestId":"0HNGUEQUJ5UL6:00000001","RequestPath":"/api/parties/types","ConnectionId":"0HNGUEQUJ5UL6","EnvironmentName":"Development","MachineName":"DING","ThreadId":17,"Application":"Flowenter.Api"}
2025-11-08 10:34:34.416 +07:00 [INF] Now listening on: https://localhost:7062 {"EventId":{"Id":14,"Name":"ListeningOnAddress"},"SourceContext":"Microsoft.Hosting.Lifetime","EnvironmentName":"Development","MachineName":"DING","ThreadId":2,"Application":"Flowenter.Api"}
2025-11-08 10:34:34.556 +07:00 [INF] Now listening on: http://localhost:5172 {"EventId":{"Id":14,"Name":"ListeningOnAddress"},"SourceContext":"Microsoft.Hosting.Lifetime","EnvironmentName":"Development","MachineName":"DING","ThreadId":2,"Application":"Flowenter.Api"}
2025-11-08 10:34:34.755 +07:00 [INF] Application started. Press Ctrl+C to shut down. {"SourceContext":"Microsoft.Hosting.Lifetime","EnvironmentName":"Development","MachineName":"DING","ThreadId":2,"Application":"Flowenter.Api"}
2025-11-08 10:34:34.785 +07:00 [INF] Hosting environment: Development {"SourceContext":"Microsoft.Hosting.Lifetime","EnvironmentName":"Development","MachineName":"DING","ThreadId":2,"Application":"Flowenter.Api"}
2025-11-08 10:34:34.814 +07:00 [INF] Content root path: D:\github\Flow-Enterprises\flow_enter_backend\Flowenter.Api {"SourceContext":"Microsoft.Hosting.Lifetime","EnvironmentName":"Development","MachineName":"DING","ThreadId":2,"Application":"Flowenter.Api"}
2025-11-08 10:34:54.570 +07:00 [INF] Now listening on: https://localhost:7062 {"EventId":{"Id":14,"Name":"ListeningOnAddress"},"SourceContext":"Microsoft.Hosting.Lifetime","EnvironmentName":"Development","MachineName":"DING","ThreadId":2,"Application":"Flowenter.Api"}
2025-11-08 10:34:54.719 +07:00 [INF] Now listening on: http://localhost:5172 {"EventId":{"Id":14,"Name":"ListeningOnAddress"},"SourceContext":"Microsoft.Hosting.Lifetime","EnvironmentName":"Development","MachineName":"DING","ThreadId":2,"Application":"Flowenter.Api"}
2025-11-08 10:34:54.860 +07:00 [INF] Application started. Press Ctrl+C to shut down. {"SourceContext":"Microsoft.Hosting.Lifetime","EnvironmentName":"Development","MachineName":"DING","ThreadId":2,"Application":"Flowenter.Api"}
2025-11-08 10:34:54.883 +07:00 [INF] Hosting environment: Development {"SourceContext":"Microsoft.Hosting.Lifetime","EnvironmentName":"Development","MachineName":"DING","ThreadId":2,"Application":"Flowenter.Api"}
2025-11-08 10:34:54.901 +07:00 [INF] Content root path: D:\github\Flow-Enterprises\flow_enter_backend\Flowenter.Api {"SourceContext":"Microsoft.Hosting.Lifetime","EnvironmentName":"Development","MachineName":"DING","ThreadId":2,"Application":"Flowenter.Api"}
2025-11-08 10:36:20.003 +07:00 [INF] PartyRoleType created: "af50968a-2b82-4cca-8751-368989913040" {"SourceContext":"Flowenter.Api.Controllers.PartiesController","ActionId":"d44d6f3a-d52a-4cde-952e-cb581f05f0ad","ActionName":"Flowenter.Api.Controllers.PartiesController.CreatePartyRoleType (Flowenter.Api)","RequestId":"0HNGUEV9SE2T6:00000001","RequestPath":"/api/parties/role-types","ConnectionId":"0HNGUEV9SE2T6","EnvironmentName":"Development","MachineName":"DING","ThreadId":9,"Application":"Flowenter.Api"}
2025-11-08 11:08:12.673 +07:00 [INF] Now listening on: https://localhost:7062 {"EventId":{"Id":14,"Name":"ListeningOnAddress"},"SourceContext":"Microsoft.Hosting.Lifetime","EnvironmentName":"Development","MachineName":"DING","ThreadId":2,"Application":"Flowenter.Api"}
2025-11-08 11:08:12.826 +07:00 [INF] Now listening on: http://localhost:5172 {"EventId":{"Id":14,"Name":"ListeningOnAddress"},"SourceContext":"Microsoft.Hosting.Lifetime","EnvironmentName":"Development","MachineName":"DING","ThreadId":2,"Application":"Flowenter.Api"}
2025-11-08 11:08:13.075 +07:00 [INF] Application started. Press Ctrl+C to shut down. {"SourceContext":"Microsoft.Hosting.Lifetime","EnvironmentName":"Development","MachineName":"DING","ThreadId":2,"Application":"Flowenter.Api"}
2025-11-08 11:08:13.091 +07:00 [INF] Hosting environment: Development {"SourceContext":"Microsoft.Hosting.Lifetime","EnvironmentName":"Development","MachineName":"DING","ThreadId":2,"Application":"Flowenter.Api"}
2025-11-08 11:08:13.107 +07:00 [INF] Content root path: D:\github\Flow-Enterprises\flow_enter_backend\Flowenter.Api {"SourceContext":"Microsoft.Hosting.Lifetime","EnvironmentName":"Development","MachineName":"DING","ThreadId":2,"Application":"Flowenter.Api"}
2025-11-08 11:08:16.448 +07:00 [ERR] An error occurred: A task was canceled. {"RequestId":"0HNGUFHO8233B:00000001","RequestPath":"/swagger/index.html","ConnectionId":"0HNGUFHO8233B","EnvironmentName":"Development","MachineName":"DING","ThreadId":15,"Application":"Flowenter.Api"}
System.Threading.Tasks.TaskCanceledException: A task was canceled.
   at System.IO.StreamReader.ReadBufferAsync(CancellationToken cancellationToken)
   at System.IO.StreamReader.ReadToEndAsyncInternal(CancellationToken cancellationToken)
   at Swashbuckle.AspNetCore.SwaggerUI.SwaggerUIMiddleware.RespondWithFile(HttpResponse response, String fileName, CancellationToken cancellationToken)
   at Swashbuckle.AspNetCore.SwaggerUI.SwaggerUIMiddleware.Invoke(HttpContext httpContext)
   at Flowenter.Api.Middleware.CustomHeaderMiddleware.InvokeAsync(HttpContext context) in D:\github\Flow-Enterprises\flow_enter_backend\Flowenter.Api\Middleware\CustomHeaderMiddleware.cs:line 22
   at Flowenter.Api.Middleware.ErrorHandlingMiddleware.InvokeAsync(HttpContext context) in D:\github\Flow-Enterprises\flow_enter_backend\Flowenter.Api\Middleware\ErrorHandlingMiddleware.cs:line 27
2025-11-08 11:09:33.161 +07:00 [INF] LegalStructure created: "94e2a5cc-f10e-4c34-8df2-4737c00f7adf" {"SourceContext":"Flowenter.Api.Controllers.PartiesController","ActionId":"7d436ba2-7019-443e-98d1-986697f3838e","ActionName":"Flowenter.Api.Controllers.PartiesController.CreateLegalStructure (Flowenter.Api)","RequestId":"0HNGUFHO8233B:0000000B","RequestPath":"/api/parties/legal-structures","ConnectionId":"0HNGUFHO8233B","EnvironmentName":"Development","MachineName":"DING","ThreadId":23,"Application":"Flowenter.Api"}
2025-11-08 11:10:05.364 +07:00 [INF] Enterprise created: "a6653de1-8ae0-44e1-9892-f0a883b69f29" {"SourceContext":"Flowenter.Api.Controllers.PartiesController","ActionId":"dfc31674-5ba1-4d0b-a77a-9a7b764bd335","ActionName":"Flowenter.Api.Controllers.PartiesController.CreateEnterprise (Flowenter.Api)","RequestId":"0HNGUFHO8233B:0000000F","RequestPath":"/api/parties/enterprises","ConnectionId":"0HNGUFHO8233B","EnvironmentName":"Development","MachineName":"DING","ThreadId":21,"Application":"Flowenter.Api"}
2025-11-08 11:22:50.364 +07:00 [INF] Now listening on: https://localhost:7062 {"EventId":{"Id":14,"Name":"ListeningOnAddress"},"SourceContext":"Microsoft.Hosting.Lifetime","EnvironmentName":"Development","MachineName":"DING","ThreadId":2,"Application":"Flowenter.Api"}
2025-11-08 11:22:50.546 +07:00 [INF] Now listening on: http://localhost:5172 {"EventId":{"Id":14,"Name":"ListeningOnAddress"},"SourceContext":"Microsoft.Hosting.Lifetime","EnvironmentName":"Development","MachineName":"DING","ThreadId":2,"Application":"Flowenter.Api"}
2025-11-08 11:22:50.829 +07:00 [INF] Application started. Press Ctrl+C to shut down. {"SourceContext":"Microsoft.Hosting.Lifetime","EnvironmentName":"Development","MachineName":"DING","ThreadId":2,"Application":"Flowenter.Api"}
2025-11-08 11:22:50.843 +07:00 [INF] Hosting environment: Development {"SourceContext":"Microsoft.Hosting.Lifetime","EnvironmentName":"Development","MachineName":"DING","ThreadId":2,"Application":"Flowenter.Api"}
2025-11-08 11:22:50.856 +07:00 [INF] Content root path: D:\github\Flow-Enterprises\flow_enter_backend\Flowenter.Api {"SourceContext":"Microsoft.Hosting.Lifetime","EnvironmentName":"Development","MachineName":"DING","ThreadId":2,"Application":"Flowenter.Api"}
